<?xml version="1.0" encoding="UTF-8"?>
<testng-results ignored="0" total="2" passed="2" failed="0" skipped="0">
  <reporter-output>
  </reporter-output>
  <suite started-at="2021-11-29T10:06:05Z" name="Suite" finished-at="2021-11-29T10:07:48Z" duration-ms="102907">
    <groups>
    </groups>
    <test started-at="2021-11-29T10:06:05Z" name="Test" finished-at="2021-11-29T10:07:48Z" duration-ms="102907">
      <class name="com.wallethub.qa.testcases.TestInsuranceReview">
        <test-method is-config="true" signature="setup()[pri:0, instance:com.wallethub.qa.testcases.TestInsuranceReview@563e4951]" started-at="2021-11-29T15:36:05Z" name="setup" finished-at="2021-11-29T15:36:25Z" duration-ms="19762" status="PASS">
          <reporter-output>
          </reporter-output>
        </test-method> <!-- setup -->
        <test-method signature="writeReview()[pri:1, instance:com.wallethub.qa.testcases.TestInsuranceReview@563e4951]" started-at="2021-11-29T15:36:25Z" name="writeReview" finished-at="2021-11-29T15:37:27Z" duration-ms="62359" status="PASS">
          <reporter-output>
          </reporter-output>
        </test-method> <!-- writeReview -->
        <test-method is-config="true" signature="tearDown()[pri:0, instance:com.wallethub.qa.testcases.TestInsuranceReview@563e4951]" started-at="2021-11-29T15:37:27Z" name="tearDown" finished-at="2021-11-29T15:37:28Z" duration-ms="799" status="PASS">
          <reporter-output>
          </reporter-output>
        </test-method> <!-- tearDown -->
        <test-method is-config="true" signature="setup()[pri:0, instance:com.wallethub.qa.testcases.TestInsuranceReview@563e4951]" started-at="2021-11-29T15:37:28Z" name="setup" finished-at="2021-11-29T15:37:47Z" duration-ms="19089" status="PASS">
          <reporter-output>
          </reporter-output>
        </test-method> <!-- setup -->
        <test-method signature="verifyReview()[pri:2, instance:com.wallethub.qa.testcases.TestInsuranceReview@563e4951]" started-at="2021-11-29T15:37:47Z" name="verifyReview" finished-at="2021-11-29T15:37:47Z" duration-ms="88" status="PASS">
          <reporter-output>
          </reporter-output>
        </test-method> <!-- verifyReview -->
        <test-method is-config="true" signature="tearDown()[pri:0, instance:com.wallethub.qa.testcases.TestInsuranceReview@563e4951]" started-at="2021-11-29T15:37:47Z" name="tearDown" finished-at="2021-11-29T15:37:48Z" duration-ms="774" status="PASS">
          <reporter-output>
          </reporter-output>
        </test-method> <!-- tearDown -->
      </class> <!-- com.wallethub.qa.testcases.TestInsuranceReview -->
    </test> <!-- Test -->
  </suite> <!-- Suite -->
</testng-results>
