<?xml version="1.0" encoding="UTF-8"?>
<!-- Generated by org.testng.reporters.JUnitXMLReporter -->
<testsuite ignored="0" hostname="DESKTOP-D57A3PS" failures="0" tests="3" name="Test" time="99.333" errors="0" timestamp="12 Nov 2021 11:00:10 GMT">
  <testcase classname="com.wallethub.qa.testcases.HomePageTest" name="PostStatusmess" time="17.801"/>
  <testcase classname="com.wallethub.qa.testcases.TestInsuranceReview" name="writeReview" time="35.467"/>
  <testcase classname="com.wallethub.qa.testcases.TestInsuranceReview" name="verifyReview" time="0.064"/>
</testsuite> <!-- Test -->
